0 info it worked if it ends with ok
1 verbose cli [ 'node', '/usr/local/bin/npm', 'install', 'app.js' ]
2 info using npm@2.3.0
3 info using node@v0.10.36
4 verbose node symlink /usr/local/bin/node
5 silly cache add args [ 'app.js', null ]
6 verbose cache add spec app.js
7 silly cache add parsed spec { raw: 'app.js',
7 silly cache add   scope: null,
7 silly cache add   name: null,
7 silly cache add   rawSpec: 'app.js',
7 silly cache add   spec: '/Users/philipmasek/Development/MEAN/filezee/app.js',
7 silly cache add   type: 'local' }
8 silly addLocalTarball shasum (computed) d2fc60c85a96d98db5fe7fe2de447d365970915f
9 verbose addTmpTarball /Users/philipmasek/Development/MEAN/filezee/app.js not in flight; adding
10 verbose addTmpTarball validating metadata from /Users/philipmasek/Development/MEAN/filezee/app.js
11 verbose tar unpack /Users/philipmasek/Development/MEAN/filezee/app.js
12 verbose tar unpacking to /var/folders/fr/v2nnjqvj799_q22xv1jlfrnr0000gn/T/npm-595-338dfcd6/unpack-2a0b859fbec6
13 verbose gentlyRm vacuuming /var/folders/fr/v2nnjqvj799_q22xv1jlfrnr0000gn/T/npm-595-338dfcd6/unpack-2a0b859fbec6
14 silly gunzTarPerm modes [ '755', '644' ]
15 error not a package /Users/philipmasek/Development/MEAN/filezee/app.js
16 error addLocal Could not install /Users/philipmasek/Development/MEAN/filezee/app.js
17 verbose stack Error: ENOENT, open '/var/folders/fr/v2nnjqvj799_q22xv1jlfrnr0000gn/T/npm-595-338dfcd6/unpack-2a0b859fbec6/package.json'
18 verbose cwd /Users/philipmasek/Development/MEAN/filezee
19 error Darwin 14.5.0
20 error argv "node" "/usr/local/bin/npm" "install" "app.js"
21 error node v0.10.36
22 error npm  v2.3.0
23 error path /var/folders/fr/v2nnjqvj799_q22xv1jlfrnr0000gn/T/npm-595-338dfcd6/unpack-2a0b859fbec6/package.json
24 error code ENOENT
25 error errno 34
26 error enoent ENOENT, open '/var/folders/fr/v2nnjqvj799_q22xv1jlfrnr0000gn/T/npm-595-338dfcd6/unpack-2a0b859fbec6/package.json'
26 error enoent This is most likely not a problem with npm itself
26 error enoent and is related to npm not being able to find a file.
27 verbose exit [ 34, true ]
